Arguments: 
  /home/kevin/.nvm/versions/node/v15.0.1/bin/node /usr/share/yarn/bin/yarn.js

PATH: 
  /home/kevin/.nvm/versions/node/v15.0.1/bin:/usr/local/sbin:/usr/local/bin:/usr/sbin:/usr/bin:/sbin:/bin:/usr/games:/usr/local/games:/mnt/c/Windows/system32:/mnt/c/Windows:/mnt/c/Windows/System32/Wbem:/mnt/c/Windows/System32/WindowsPowerShell/v1.0/:/mnt/c/Windows/System32/OpenSSH/:/mnt/c/Program Files/NVIDIA Corporation/NVIDIA NvDLISR:/mnt/c/Program Files/Docker/Docker/resources/bin:/mnt/c/ProgramData/DockerDesktop/version-bin:/mnt/c/Users/riouk/AppData/Roaming/nvm:/mnt/c/Program Files/nodejs:/mnt/c/ProgramData/chocolatey/bin:/mnt/c/Program Files (x86)/Yarn/bin/:/mnt/c/Users/riouk/AppData/Local/Microsoft/WindowsApps:/mnt/c/Users/riouk/AppData/Local/Programs/Microsoft VS Code/bin:/mnt/c/Users/riouk/AppData/Roaming/nvm:/mnt/c/Program Files/nodejs:/mnt/c/Users/riouk/AppData/Local/Yarn/bin

Yarn version: 
  1.22.5

Node version: 
  15.0.1

Platform: 
  linux x64

Trace: 
  Error: getaddrinfo EAI_AGAIN registry.yarnpkg.com
      at GetAddrInfoReqWrap.onlookup [as oncomplete] (node:dns:67:26)

npm manifest: 
  {
    "name": "vscode-git-commit",
    "displayName": "VSCode Git Commit Message",
    "description": "Automatically generate git commit message with prefix",
    "version": "1.1.1",
    "engines": {
      "vscode": "^1.42.0"
    },
    "publisher": "rioukkevin",
    "license": "MIT",
    "homepage": "https://kevin.riou.pro",
    "bugs": {
      "url": "https://github.com/rioukkevin/vscode-git-commit/issues"
    },
    "icon": "assets/logo.png",
    "repository": {
      "type": "git",
      "url": "https://github.com/rioukkevin/vscode-git-commit"
    },
    "keywords": [
      "git",
      "commit",
      "vscode",
      "emoji",
      "prefix",
      "pull",
      "push",
      "scm",
      "github",
      "gitlab",
      "message",
      "wink",
      "groot",
      "commitizen"
    ],
    "categories": [
      "Other"
    ],
    "main": "./out/index.js",
    "activationEvents": [
      "onCommand:extension.setPrefix"
    ],
    "contributes": {
      "configuration": {
        "title": "VSCode Git Commit",
        "properties": {
          "vscodeGitCommit.customAlias": {
            "type": "array",
            "items": {
              "type": "object",
              "title": "Alias",
              "properties": {
                "name": {
                  "type": "string",
                  "description": "Alias name"
                },
                "description": {
                  "type": "string",
                  "description": "Description"
                }
              }
            },
            "default": [],
            "markdownDescription": "Add prefix to extension (copy paste emoticons from here [Amp What](http://www.amp-what.com/unicode/search/icon))"
          },
          "vscodeGitCommit.messageTemplate": {
            "type": "array",
            "items": {
              "type": "string",
              "title": "Template"
            },
            "default": [
              "{prefix}: {message}"
            ],
            "markdownDescription": "Add abilities to create custom message format, each variable is between mustaches and a prompt is automatically added to the workflow"
          },
          "vscodeGitCommit.predefinedPrefix": {
            "type": "string",
            "default": "Creator Prefix",
            "enum": [
              "Creator Prefix",
              "Angular",
              "Semantic Commit Messages",
              "Alpha8",
              "none"
            ],
            "enumDescriptions": [
              "My own choice of prefix",
              "Angular commits",
              "Semantic commits",
              "Alpha8, commitizen based commits",
              "No prefix predefined"
            ],
            "markdownDescription": "Select predefined prefix (Live update) (Options: Creator Prefix / [Angular](https://github.com/angular/angular/blob/master/CONTRIBUTING.md) / [Semantic Commit Messages](https://gist.github.com/joshbuchea/6f47e86d2510bce28f8e7f42ae84c716) / [Alpha8](https://github.com/commitizen-tools/commitizen/blob/master/commitizen/cz/conventional_commits/conventional_commits.py) / none"
          },
          "vscodeGitCommit.insertMode": {
            "type": "string",
            "default": "Concatenate",
            "enum": [
              "Replace",
              "Concatenate"
            ],
            "enumDescriptions": [
              "Replace existing commit message on new",
              "Concatenate to existing commit message on new"
            ],
            "markdownDescription": "Select new commit message mode"
          }
        }
      },
      "commands": [
        {
          "command": "extension.setPrefix",
          "title": "Git prefix emote",
          "icon": {
            "dark": "assets/icon_black.svg",
            "light": "assets/icon_light.svg"
          }
        }
      ],
      "menus": {
        "scm/title": [
          {
            "command": "extension.setPrefix",
            "group": "navigation",
            "when": "scmProvider == git"
          }
        ]
      },
      "keybindings": [
        {
          "command": "extension.setPrefix",
          "key": "ctrl+alt+enter",
          "mac": "shift+cmd+enter"
        }
      ]
    },
    "scripts": {
      "vscode:prepublish": "npm run compile",
      "compile": "tsc -p ./",
      "lint": "eslint src --ext ts --fix",
      "watch": "tsc -watch -p ./",
      "build": "vsce package",
      "local-install": "code --install-extension vscode-git-commit-1.1.1.vsix",
      "pretest": "npm run compile && npm run lint"
    },
    "devDependencies": {
      "@types/glob": "^7.1.1",
      "@types/mocha": "^7.0.1",
      "@types/node": "^12.11.7",
      "@types/vscode": "^1.42.0",
      "@typescript-eslint/eslint-plugin": "^2.18.0",
      "@typescript-eslint/parser": "^2.18.0",
      "eslint": "^6.8.0",
      "glob": "^7.1.6",
      "mocha": "^7.0.1",
      "typescript": "^3.7.5",
      "vscode-test": "^1.3.0"
    },
    "dependencies": {}
  }

yarn manifest: 
  No manifest

Lockfile: 
  No lockfile
